{"C:\\Users\\Luke\\Desktop\\music-discord-bot\\functions\\exampleJest.js": {"path":"C:\\Users\\Luke\\Desktop\\music-discord-bot\\functions\\exampleJest.js","statementMap":{"0":{"start":{"line":1,"column":0},"end":{"line":3,"column":1}},"1":{"start":{"line":2,"column":2},"end":{"line":2,"column":13}}},"fnMap":{"0":{"name":"(anonymous_0)","decl":{"start":{"line":1,"column":17},"end":{"line":1,"column":18}},"loc":{"start":{"line":1,"column":26},"end":{"line":3,"column":1}},"line":1}},"branchMap":{},"s":{"0":1,"1":1},"f":{"0":1},"b":{},"_coverageSchema":"1a1c01bbd47fc00a2c39e90264f33305004495a9","hash":"6b62051a16faafe423f574f8e16656f34bbc5c7f"}
}
